<?xml version="1.0" encoding="UTF-8"?>
<!-- Generated by org.testng.reporters.JUnitXMLReporter -->
<testsuite hostname="DESKTOP-GJIL86Q" ignored="1" name="Test" tests="2" failures="1" timestamp="08 Sep 2019 12:57:55 GMT" time="0.04" errors="0">
  <testcase name="m1" time="0.01" classname="com.java.practice.TC2">
    <failure type="java.lang.AssertionError" message="expected [true] but found [false]">
      <![CDATA[java.lang.AssertionError: expected [true] but found [false]
at com.java.practice.TC2.m1(TC2.java:11)
... Removed 31 stack frames]]>
    </failure>
  </testcase> <!-- m1 -->
  <testcase name="m2" time="0.002" classname="com.java.practice.TC2"/>
  <testcase name="m3" time="0.0" classname="com.java.practice.TC2">
    <ignored/>
  </testcase> <!-- m3 -->
</testsuite> <!-- Test -->
